[WELLDVR          ][2014-07-25 17:39:27] 检查系统注册信息   -----  [WellDVR2.cpp][54]
[WELLDVR          ][2014-07-25 17:39:27] 系统合法注册，正常启动系统   -----  [WellDVR2.cpp][69]
[WELLDVR          ][2014-07-25 17:40:01] 检查系统注册信息   -----  [WellDVR2.cpp][54]
[WELLDVR          ][2014-07-25 17:40:01] 系统合法注册，正常启动系统   -----  [WellDVR2.cpp][69]
[WELLDVR          ][2014-07-25 17:40:27] 检查系统注册信息   -----  [WellDVR2.cpp][54]
[WELLDVR          ][2014-07-25 17:40:27] 系统合法注册，正常启动系统   -----  [WellDVR2.cpp][69]
[WELLDVR          ][2014-07-25 17:40:27] 进入工作模式   -----  [WellDVR2.cpp][120]
[WELLDVR          ][2014-07-25 17:45:33] 检查系统注册信息   -----  [WellDVR2.cpp][54]
[WELLDVR          ][2014-07-25 17:45:33] 系统合法注册，启动系统...   -----  [WellDVR2.cpp][69]
[WELLDVR          ][2014-07-25 17:45:33] 进入工作模式   -----  [WellDVR2.cpp][120]
[WELLDVR          ][2014-07-25 17:45:33] 从配置文件中初始化完成!   -----  [CMainFrameWnd.cpp][562]
[WELLDVR          ][2014-07-25 17:45:33] 运行FTP服务   -----  [CMainFrameWnd.cpp][567]
[WELLDVR          ][2014-07-25 17:45:33] 运行转码服务   -----  [CMainFrameWnd.cpp][573]
[WELLDVR          ][2014-07-25 17:45:33] 系统正常运行   -----  [CMainFrameWnd.cpp][574]
[WELLDVR          ][2014-07-25 17:53:18] 检查系统注册信息   -----  [WellDVR2.cpp][54]
[WELLDVR          ][2014-07-25 17:53:18] 系统合法注册，启动系统...   -----  [WellDVR2.cpp][69]
[WELLDVR          ][2014-07-25 17:53:18] 进入工作模式   -----  [WellDVR2.cpp][120]
[WELLDVR          ][2014-07-25 17:53:19] 从配置文件中初始化完成!   -----  [CMainFrameWnd.cpp][571]
[WELLDVR          ][2014-07-25 17:53:19] 运行FTP服务   -----  [CMainFrameWnd.cpp][576]
[WELLDVR          ][2014-07-25 17:53:19] 运行转码服务   -----  [CMainFrameWnd.cpp][583]
[WELLDVR          ][2014-07-25 17:53:19] 系统正常运行   -----  [CMainFrameWnd.cpp][584]
[WELLDVR          ][2014-07-25 17:53:19] 创建托盘图标完成   -----  [CMainFrameWnd.cpp][613]
[WELLDVR          ][2014-07-25 17:53:55] 
检查系统注册信息   -----  [WellDVR2.cpp][54]
[WELLDVR          ][2014-07-25 17:53:55] 系统合法注册，启动系统...   -----  [WellDVR2.cpp][69]
[WELLDVR          ][2014-07-25 17:53:55] 进入工作模式   -----  [WellDVR2.cpp][120]
[WELLDVR          ][2014-07-25 17:53:55] 从配置文件中初始化完成!   -----  [CMainFrameWnd.cpp][571]
[WELLDVR          ][2014-07-25 17:53:55] 运行FTP服务   -----  [CMainFrameWnd.cpp][576]
[WELLDVR          ][2014-07-25 17:53:55] 运行转码服务   -----  [CMainFrameWnd.cpp][583]
[WELLDVR          ][2014-07-25 17:53:55] 系统正常运行   -----  [CMainFrameWnd.cpp][584]
[WELLDVR          ][2014-07-25 17:53:55] 创建托盘图标完成   -----  [CMainFrameWnd.cpp][613]
[WELLDVR          ][2014-07-25 17:54:36] ************检查系统注册信息****************   -----  [WellDVR2.cpp][54]
[WELLDVR          ][2014-07-25 17:54:36] 系统合法注册，启动系统...   -----  [WellDVR2.cpp][69]
[WELLDVR          ][2014-07-25 17:54:36] 进入工作模式   -----  [WellDVR2.cpp][120]
[WELLDVR          ][2014-07-25 17:54:36] 从配置文件中初始化完成!   -----  [CMainFrameWnd.cpp][571]
[WELLDVR          ][2014-07-25 17:54:36] 运行FTP服务   -----  [CMainFrameWnd.cpp][576]
[WELLDVR          ][2014-07-25 17:54:36] 运行转码服务   -----  [CMainFrameWnd.cpp][583]
[WELLDVR          ][2014-07-25 17:54:36] 系统正常运行   -----  [CMainFrameWnd.cpp][584]
[WELLDVR          ][2014-07-25 17:54:36] 创建托盘图标完成   -----  [CMainFrameWnd.cpp][613]
[WELLDVR          ][2014-07-25 18:02:15] ************检查系统注册信息****************   -----  [WellDVR2.cpp][54]
[WELLDVR          ][2014-07-25 18:02:15] 系统合法注册，启动系统...   -----  [WellDVR2.cpp][69]
[WELLDVR          ][2014-07-25 18:02:15] 进入工作模式   -----  [WellDVR2.cpp][120]
[WELLDVR          ][2014-07-25 18:02:16] 从配置文件中初始化完成!   -----  [CMainFrameWnd.cpp][571]
[WELLDVR          ][2014-07-25 18:02:16] 运行FTP服务   -----  [CMainFrameWnd.cpp][576]
[WELLDVR          ][2014-07-25 18:02:16] 运行转码服务   -----  [CMainFrameWnd.cpp][583]
[WELLDVR          ][2014-07-25 18:02:16] 系统正常运行   -----  [CMainFrameWnd.cpp][584]
[WELLDVR          ][2014-07-25 18:02:16] 创建托盘图标完成   -----  [CMainFrameWnd.cpp][613]
[WELLDVR          ][2014-07-25 18:06:08] ************检查系统注册信息****************   -----  [WellDVR2.cpp][54]
[WELLDVR          ][2014-07-25 18:06:08] 系统合法注册，启动系统...   -----  [WellDVR2.cpp][69]
[WELLDVR          ][2014-07-25 18:06:08] 进入工作模式   -----  [WellDVR2.cpp][120]
[WELLDVR          ][2014-07-25 18:06:09] 从配置文件中初始化完成!   -----  [CMainFrameWnd.cpp][571]
[WELLDVR          ][2014-07-25 18:06:09] 运行FTP服务   -----  [CMainFrameWnd.cpp][576]
[WELLDVR          ][2014-07-25 18:06:09] 运行转码服务   -----  [CMainFrameWnd.cpp][583]
[WELLDVR          ][2014-07-25 18:06:09] 系统正常运行   -----  [CMainFrameWnd.cpp][584]
[WELLDVR          ][2014-07-25 18:06:09] 创建托盘图标完成   -----  [CMainFrameWnd.cpp][613]
[WELLDVR          ][2014-07-25 18:06:33] ************检查系统注册信息****************   -----  [WellDVR2.cpp][54]
[WELLDVR          ][2014-07-25 18:06:33] 系统合法注册，启动系统...   -----  [WellDVR2.cpp][69]
[WELLDVR          ][2014-07-25 18:06:34] 进入工作模式   -----  [WellDVR2.cpp][120]
[WELLDVR          ][2014-07-25 18:06:34] 从配置文件中初始化完成!   -----  [CMainFrameWnd.cpp][571]
[WELLDVR          ][2014-07-25 18:06:34] 运行FTP服务   -----  [CMainFrameWnd.cpp][576]
[WELLDVR          ][2014-07-25 18:06:34] 运行转码服务   -----  [CMainFrameWnd.cpp][583]
[WELLDVR          ][2014-07-25 18:06:34] 系统正常运行   -----  [CMainFrameWnd.cpp][584]
[WELLDVR          ][2014-07-25 18:06:34] 创建托盘图标完成   -----  [CMainFrameWnd.cpp][613]
[WELLDVR          ][2014-07-25 18:10:47] ************检查系统注册信息****************   -----  [WellDVR2.cpp][54]
[WELLDVR          ][2014-07-25 18:10:47] 系统合法注册，启动系统...   -----  [WellDVR2.cpp][69]
[WELLDVR          ][2014-07-25 18:10:47] 进入工作模式   -----  [WellDVR2.cpp][120]
[WELLDVR          ][2014-07-25 18:10:47] 从配置文件中初始化完成!   -----  [CMainFrameWnd.cpp][571]
[WELLDVR          ][2014-07-25 18:10:47] 运行FTP服务   -----  [CMainFrameWnd.cpp][576]
[WELLDVR          ][2014-07-25 18:10:47] 运行转码服务   -----  [CMainFrameWnd.cpp][583]
[WELLDVR          ][2014-07-25 18:10:47] 系统正常运行   -----  [CMainFrameWnd.cpp][584]
[WELLDVR          ][2014-07-25 18:10:47] 创建托盘图标完成   -----  [CMainFrameWnd.cpp][613]
[WELLDVR          ][2014-07-25 18:11:08] ************检查系统注册信息****************   -----  [WellDVR2.cpp][54]
[WELLDVR          ][2014-07-25 18:11:08] 系统合法注册，启动系统...   -----  [WellDVR2.cpp][69]
[WELLDVR          ][2014-07-25 18:11:08] 进入工作模式   -----  [WellDVR2.cpp][120]
[WELLDVR          ][2014-07-25 18:11:08] 从配置文件中初始化完成!   -----  [CMainFrameWnd.cpp][571]
[WELLDVR          ][2014-07-25 18:11:08] 运行FTP服务   -----  [CMainFrameWnd.cpp][576]
[WELLDVR          ][2014-07-25 18:11:08] 运行转码服务   -----  [CMainFrameWnd.cpp][583]
[WELLDVR          ][2014-07-25 18:11:08] 系统正常运行   -----  [CMainFrameWnd.cpp][584]
[WELLDVR          ][2014-07-25 18:11:08] 创建托盘图标完成   -----  [CMainFrameWnd.cpp][613]
[WELLDVR          ][2014-07-25 18:12:05] ************检查系统注册信息****************   -----  [WellDVR2.cpp][54]
[WELLDVR          ][2014-07-25 18:12:05] 系统合法注册，启动系统...   -----  [WellDVR2.cpp][69]
[WELLDVR          ][2014-07-25 18:12:05] 进入工作模式   -----  [WellDVR2.cpp][120]
[WELLDVR          ][2014-07-25 18:12:05] 从配置文件中初始化完成!   -----  [CMainFrameWnd.cpp][571]
[WELLDVR          ][2014-07-25 18:12:05] 运行FTP服务   -----  [CMainFrameWnd.cpp][576]
[WELLDVR          ][2014-07-25 18:12:05] 运行转码服务   -----  [CMainFrameWnd.cpp][583]
[WELLDVR          ][2014-07-25 18:12:05] 系统正常运行   -----  [CMainFrameWnd.cpp][584]
[WELLDVR          ][2014-07-25 18:12:05] 创建托盘图标完成   -----  [CMainFrameWnd.cpp][613]
[WELLDVR          ][2014-07-25 18:12:55] ************检查系统注册信息****************   -----  [WellDVR2.cpp][54]
[WELLDVR          ][2014-07-25 18:12:55] 系统合法注册，启动系统...   -----  [WellDVR2.cpp][69]
[WELLDVR          ][2014-07-25 18:12:55] 进入工作模式   -----  [WellDVR2.cpp][120]
[WELLDVR          ][2014-07-25 18:12:55] 从配置文件中初始化完成!   -----  [CMainFrameWnd.cpp][571]
[WELLDVR          ][2014-07-25 18:12:55] 运行FTP服务   -----  [CMainFrameWnd.cpp][576]
[WELLDVR          ][2014-07-25 18:12:55] 运行转码服务   -----  [CMainFrameWnd.cpp][583]
[WELLDVR          ][2014-07-25 18:12:55] 系统正常运行   -----  [CMainFrameWnd.cpp][584]
[WELLDVR          ][2014-07-25 18:12:55] 创建托盘图标完成   -----  [CMainFrameWnd.cpp][613]
[WELLDVR          ][2014-07-25 18:18:19] ************检查系统注册信息****************   -----  [WellDVR2.cpp][54]
[WELLDVR          ][2014-07-25 18:18:19] 系统合法注册，启动系统...   -----  [WellDVR2.cpp][69]
[WELLDVR          ][2014-07-25 18:18:19] 进入工作模式   -----  [WellDVR2.cpp][120]
[WELLDVR          ][2014-07-25 18:18:19] 从配置文件中初始化完成!   -----  [CMainFrameWnd.cpp][571]
[WELLDVR          ][2014-07-25 18:18:19] 运行FTP服务   -----  [CMainFrameWnd.cpp][576]
[WELLDVR          ][2014-07-25 18:18:19] 运行转码服务   -----  [CMainFrameWnd.cpp][583]
[WELLDVR          ][2014-07-25 18:18:19] 系统正常运行   -----  [CMainFrameWnd.cpp][584]
[WELLDVR          ][2014-07-25 18:18:19] 创建托盘图标完成   -----  [CMainFrameWnd.cpp][613]
[WELLDVR          ][2014-07-25 18:18:26] 快捷键 调用获取机器码程序   -----  [CMainFrameWnd.cpp][448]
[WELLDVR          ][2014-07-25 18:18:45] 快捷键 调用配置工具程序   -----  [CMainFrameWnd.cpp][434]
[WELLDVR          ][2014-07-25 18:18:49] 快捷键 获取程序独占[1]   -----  [CMainFrameWnd.cpp][459]
[WELLDVR          ][2014-07-25 18:19:02] 快捷键 获取程序独占[0]   -----  [CMainFrameWnd.cpp][459]
[WELLDVR          ][2014-07-25 18:19:18] 快捷键 退出系统   -----  [CMainFrameWnd.cpp][443]
[WELLDVR          ][2014-07-25 18:19:18] 停止转码服务   -----  [CMainFrameWnd.cpp][229]
[WELLDVR          ][2014-07-25 18:19:18] 备份配置文件   -----  [CMainFrameWnd.cpp][235]
[WELLDVR          ][2014-07-25 18:19:18] 系统正常关闭   -----  [CMainFrameWnd.cpp][241]
[WELLDVR          ][2014-07-25 18:19:18] 关闭定时器   -----  [CMainFrameWnd.cpp][253]
